result
  501  7452  7441   0 11:07AM ttys002    0:00.00 grep movielens-
ok
Traceback (most recent call last):
  File "movielens-1m-ps.py", line 5, in <module>
    import tensorflow_recommenders_addons as tfra
  File "/Users/ekkooli/anaconda3/lib/python3.7/site-packages/tensorflow_recommenders_addons/__init__.py", line 30, in <module>
    from tensorflow_recommenders_addons import dynamic_embedding
  File "/Users/ekkooli/anaconda3/lib/python3.7/site-packages/tensorflow_recommenders_addons/dynamic_embedding/__init__.py", line 39, in <module>
    from tensorflow_recommenders_addons.dynamic_embedding.python.ops.cuckoo_hashtable_ops import (
  File "/Users/ekkooli/anaconda3/lib/python3.7/site-packages/tensorflow_recommenders_addons/dynamic_embedding/python/ops/cuckoo_hashtable_ops.py", line 33, in <module>
    cuckoo_ops = LazySO("dynamic_embedding/core/_cuckoo_hashtable_ops.so").ops
  File "/Users/ekkooli/anaconda3/lib/python3.7/site-packages/tensorflow_recommenders_addons/utils/resource_loader.py", line 102, in ops
    self._ops = tf.load_op_library(get_path_to_datafile(self.relative_path))
  File "/Users/ekkooli/anaconda3/lib/python3.7/site-packages/tensorflow_core/python/framework/load_library.py", line 61, in load_op_library
    lib_handle = py_tf.TF_LoadLibrary(library_filename)
tensorflow.python.framework.errors_impl.NotFoundError: dlopen(/Users/ekkooli/anaconda3/lib/python3.7/site-packages/tensorflow_recommenders_addons/dynamic_embedding/core/_cuckoo_hashtable_ops.so, 6): Symbol not found: __ZN10tensorflow11GetNodeAttrERKNS_9AttrSliceEN4absl12lts_2021032411string_viewEPNS_11TensorShapeE
  Referenced from: /Users/ekkooli/anaconda3/lib/python3.7/site-packages/tensorflow_recommenders_addons/dynamic_embedding/core/_cuckoo_hashtable_ops.so
  Expected in: flat namespace
 in /Users/ekkooli/anaconda3/lib/python3.7/site-packages/tensorflow_recommenders_addons/dynamic_embedding/core/_cuckoo_hashtable_ops.so
Traceback (most recent call last):
  File "movielens-1m-ps.py", line 5, in <module>
    import tensorflow_recommenders_addons as tfra
  File "/Users/ekkooli/anaconda3/lib/python3.7/site-packages/tensorflow_recommenders_addons/__init__.py", line 30, in <module>
    from tensorflow_recommenders_addons import dynamic_embedding
  File "/Users/ekkooli/anaconda3/lib/python3.7/site-packages/tensorflow_recommenders_addons/dynamic_embedding/__init__.py", line 39, in <module>
    from tensorflow_recommenders_addons.dynamic_embedding.python.ops.cuckoo_hashtable_ops import (
  File "/Users/ekkooli/anaconda3/lib/python3.7/site-packages/tensorflow_recommenders_addons/dynamic_embedding/python/ops/cuckoo_hashtable_ops.py", line 33, in <module>
    cuckoo_ops = LazySO("dynamic_embedding/core/_cuckoo_hashtable_ops.so").ops
  File "/Users/ekkooli/anaconda3/lib/python3.7/site-packages/tensorflow_recommenders_addons/utils/resource_loader.py", line 102, in ops
    self._ops = tf.load_op_library(get_path_to_datafile(self.relative_path))
  File "/Users/ekkooli/anaconda3/lib/python3.7/site-packages/tensorflow_core/python/framework/load_library.py", line 61, in load_op_library
    lib_handle = py_tf.TF_LoadLibrary(library_filename)
tensorflow.python.framework.errors_impl.NotFoundError: dlopen(/Users/ekkooli/anaconda3/lib/python3.7/site-packages/tensorflow_recommenders_addons/dynamic_embedding/core/_cuckoo_hashtable_ops.so, 6): Symbol not found: __ZN10tensorflow11GetNodeAttrERKNS_9AttrSliceEN4absl12lts_2021032411string_viewEPNS_11TensorShapeE
  Referenced from: /Users/ekkooli/anaconda3/lib/python3.7/site-packages/tensorflow_recommenders_addons/dynamic_embedding/core/_cuckoo_hashtable_ops.so
  Expected in: flat namespace
 in /Users/ekkooli/anaconda3/lib/python3.7/site-packages/tensorflow_recommenders_addons/dynamic_embedding/core/_cuckoo_hashtable_ops.so
Traceback (most recent call last):
  File "movielens-1m-ps.py", line 5, in <module>
    import tensorflow_recommenders_addons as tfra
  File "/Users/ekkooli/anaconda3/lib/python3.7/site-packages/tensorflow_recommenders_addons/__init__.py", line 30, in <module>
    from tensorflow_recommenders_addons import dynamic_embedding
  File "/Users/ekkooli/anaconda3/lib/python3.7/site-packages/tensorflow_recommenders_addons/dynamic_embedding/__init__.py", line 39, in <module>
    from tensorflow_recommenders_addons.dynamic_embedding.python.ops.cuckoo_hashtable_ops import (
  File "/Users/ekkooli/anaconda3/lib/python3.7/site-packages/tensorflow_recommenders_addons/dynamic_embedding/python/ops/cuckoo_hashtable_ops.py", line 33, in <module>
    cuckoo_ops = LazySO("dynamic_embedding/core/_cuckoo_hashtable_ops.so").ops
  File "/Users/ekkooli/anaconda3/lib/python3.7/site-packages/tensorflow_recommenders_addons/utils/resource_loader.py", line 102, in ops
    self._ops = tf.load_op_library(get_path_to_datafile(self.relative_path))
  File "/Users/ekkooli/anaconda3/lib/python3.7/site-packages/tensorflow_core/python/framework/load_library.py", line 61, in load_op_library
    lib_handle = py_tf.TF_LoadLibrary(library_filename)
tensorflow.python.framework.errors_impl.NotFoundError: dlopen(/Users/ekkooli/anaconda3/lib/python3.7/site-packages/tensorflow_recommenders_addons/dynamic_embedding/core/_cuckoo_hashtable_ops.so, 6): Symbol not found: __ZN10tensorflow11GetNodeAttrERKNS_9AttrSliceEN4absl12lts_2021032411string_viewEPNS_11TensorShapeE
  Referenced from: /Users/ekkooli/anaconda3/lib/python3.7/site-packages/tensorflow_recommenders_addons/dynamic_embedding/core/_cuckoo_hashtable_ops.so
  Expected in: flat namespace
 in /Users/ekkooli/anaconda3/lib/python3.7/site-packages/tensorflow_recommenders_addons/dynamic_embedding/core/_cuckoo_hashtable_ops.so
Traceback (most recent call last):
  File "movielens-1m-ps.py", line 5, in <module>
    import tensorflow_recommenders_addons as tfra
  File "/Users/ekkooli/anaconda3/lib/python3.7/site-packages/tensorflow_recommenders_addons/__init__.py", line 30, in <module>
    from tensorflow_recommenders_addons import dynamic_embedding
  File "/Users/ekkooli/anaconda3/lib/python3.7/site-packages/tensorflow_recommenders_addons/dynamic_embedding/__init__.py", line 39, in <module>
    from tensorflow_recommenders_addons.dynamic_embedding.python.ops.cuckoo_hashtable_ops import (
  File "/Users/ekkooli/anaconda3/lib/python3.7/site-packages/tensorflow_recommenders_addons/dynamic_embedding/python/ops/cuckoo_hashtable_ops.py", line 33, in <module>
    cuckoo_ops = LazySO("dynamic_embedding/core/_cuckoo_hashtable_ops.so").ops
  File "/Users/ekkooli/anaconda3/lib/python3.7/site-packages/tensorflow_recommenders_addons/utils/resource_loader.py", line 102, in ops
    self._ops = tf.load_op_library(get_path_to_datafile(self.relative_path))
  File "/Users/ekkooli/anaconda3/lib/python3.7/site-packages/tensorflow_core/python/framework/load_library.py", line 61, in load_op_library
    lib_handle = py_tf.TF_LoadLibrary(library_filename)
tensorflow.python.framework.errors_impl.NotFoundError: dlopen(/Users/ekkooli/anaconda3/lib/python3.7/site-packages/tensorflow_recommenders_addons/dynamic_embedding/core/_cuckoo_hashtable_ops.so, 6): Symbol not found: __ZN10tensorflow11GetNodeAttrERKNS_9AttrSliceEN4absl12lts_2021032411string_viewEPNS_11TensorShapeE
  Referenced from: /Users/ekkooli/anaconda3/lib/python3.7/site-packages/tensorflow_recommenders_addons/dynamic_embedding/core/_cuckoo_hashtable_ops.so
  Expected in: flat namespace
 in /Users/ekkooli/anaconda3/lib/python3.7/site-packages/tensorflow_recommenders_addons/dynamic_embedding/core/_cuckoo_hashtable_ops.so
result
  501  8658  8644   0 11:28AM ttys002    0:00.00 grep movielens-
ok
Traceback (most recent call last):
  File "movielens-1m-ps.py", line 5, in <module>
    import tensorflow_recommenders_addons as tfra
  File "/Users/ekkooli/anaconda3/lib/python3.7/site-packages/tensorflow_recommenders_addons/__init__.py", line 30, in <module>
    from tensorflow_recommenders_addons import dynamic_embedding
  File "/Users/ekkooli/anaconda3/lib/python3.7/site-packages/tensorflow_recommenders_addons/dynamic_embedding/__init__.py", line 39, in <module>
    from tensorflow_recommenders_addons.dynamic_embedding.python.ops.cuckoo_hashtable_ops import (
  File "/Users/ekkooli/anaconda3/lib/python3.7/site-packages/tensorflow_recommenders_addons/dynamic_embedding/python/ops/cuckoo_hashtable_ops.py", line 33, in <module>
    cuckoo_ops = LazySO("dynamic_embedding/core/_cuckoo_hashtable_ops.so").ops
  File "/Users/ekkooli/anaconda3/lib/python3.7/site-packages/tensorflow_recommenders_addons/utils/resource_loader.py", line 102, in ops
    self._ops = tf.load_op_library(get_path_to_datafile(self.relative_path))
  File "/Users/ekkooli/anaconda3/lib/python3.7/site-packages/tensorflow_core/python/framework/load_library.py", line 61, in load_op_library
    lib_handle = py_tf.TF_LoadLibrary(library_filename)
tensorflow.python.framework.errors_impl.NotFoundError: dlopen(/Users/ekkooli/anaconda3/lib/python3.7/site-packages/tensorflow_recommenders_addons/dynamic_embedding/core/_cuckoo_hashtable_ops.so, 6): Symbol not found: __ZN10tensorflow11GetNodeAttrERKNS_9AttrSliceEN4absl12lts_2021032411string_viewEPNS_11TensorShapeE
  Referenced from: /Users/ekkooli/anaconda3/lib/python3.7/site-packages/tensorflow_recommenders_addons/dynamic_embedding/core/_cuckoo_hashtable_ops.so
  Expected in: flat namespace
 in /Users/ekkooli/anaconda3/lib/python3.7/site-packages/tensorflow_recommenders_addons/dynamic_embedding/core/_cuckoo_hashtable_ops.so
Traceback (most recent call last):
  File "movielens-1m-ps.py", line 5, in <module>
    import tensorflow_recommenders_addons as tfra
  File "/Users/ekkooli/anaconda3/lib/python3.7/site-packages/tensorflow_recommenders_addons/__init__.py", line 30, in <module>
    from tensorflow_recommenders_addons import dynamic_embedding
  File "/Users/ekkooli/anaconda3/lib/python3.7/site-packages/tensorflow_recommenders_addons/dynamic_embedding/__init__.py", line 39, in <module>
    from tensorflow_recommenders_addons.dynamic_embedding.python.ops.cuckoo_hashtable_ops import (
  File "/Users/ekkooli/anaconda3/lib/python3.7/site-packages/tensorflow_recommenders_addons/dynamic_embedding/python/ops/cuckoo_hashtable_ops.py", line 33, in <module>
    cuckoo_ops = LazySO("dynamic_embedding/core/_cuckoo_hashtable_ops.so").ops
  File "/Users/ekkooli/anaconda3/lib/python3.7/site-packages/tensorflow_recommenders_addons/utils/resource_loader.py", line 102, in ops
    self._ops = tf.load_op_library(get_path_to_datafile(self.relative_path))
  File "/Users/ekkooli/anaconda3/lib/python3.7/site-packages/tensorflow_core/python/framework/load_library.py", line 61, in load_op_library
    lib_handle = py_tf.TF_LoadLibrary(library_filename)
tensorflow.python.framework.errors_impl.NotFoundError: dlopen(/Users/ekkooli/anaconda3/lib/python3.7/site-packages/tensorflow_recommenders_addons/dynamic_embedding/core/_cuckoo_hashtable_ops.so, 6): Symbol not found: __ZN10tensorflow11GetNodeAttrERKNS_9AttrSliceEN4absl12lts_2021032411string_viewEPNS_11TensorShapeE
  Referenced from: /Users/ekkooli/anaconda3/lib/python3.7/site-packages/tensorflow_recommenders_addons/dynamic_embedding/core/_cuckoo_hashtable_ops.so
  Expected in: flat namespace
 in /Users/ekkooli/anaconda3/lib/python3.7/site-packages/tensorflow_recommenders_addons/dynamic_embedding/core/_cuckoo_hashtable_ops.so
Traceback (most recent call last):
  File "movielens-1m-ps.py", line 5, in <module>
    import tensorflow_recommenders_addons as tfra
  File "/Users/ekkooli/anaconda3/lib/python3.7/site-packages/tensorflow_recommenders_addons/__init__.py", line 30, in <module>
    from tensorflow_recommenders_addons import dynamic_embedding
  File "/Users/ekkooli/anaconda3/lib/python3.7/site-packages/tensorflow_recommenders_addons/dynamic_embedding/__init__.py", line 39, in <module>
    from tensorflow_recommenders_addons.dynamic_embedding.python.ops.cuckoo_hashtable_ops import (
  File "/Users/ekkooli/anaconda3/lib/python3.7/site-packages/tensorflow_recommenders_addons/dynamic_embedding/python/ops/cuckoo_hashtable_ops.py", line 33, in <module>
    cuckoo_ops = LazySO("dynamic_embedding/core/_cuckoo_hashtable_ops.so").ops
  File "/Users/ekkooli/anaconda3/lib/python3.7/site-packages/tensorflow_recommenders_addons/utils/resource_loader.py", line 102, in ops
    self._ops = tf.load_op_library(get_path_to_datafile(self.relative_path))
  File "/Users/ekkooli/anaconda3/lib/python3.7/site-packages/tensorflow_core/python/framework/load_library.py", line 61, in load_op_library
    lib_handle = py_tf.TF_LoadLibrary(library_filename)
tensorflow.python.framework.errors_impl.NotFoundError: dlopen(/Users/ekkooli/anaconda3/lib/python3.7/site-packages/tensorflow_recommenders_addons/dynamic_embedding/core/_cuckoo_hashtable_ops.so, 6): Symbol not found: __ZN10tensorflow11GetNodeAttrERKNS_9AttrSliceEN4absl12lts_2021032411string_viewEPNS_11TensorShapeE
  Referenced from: /Users/ekkooli/anaconda3/lib/python3.7/site-packages/tensorflow_recommenders_addons/dynamic_embedding/core/_cuckoo_hashtable_ops.so
  Expected in: flat namespace
 in /Users/ekkooli/anaconda3/lib/python3.7/site-packages/tensorflow_recommenders_addons/dynamic_embedding/core/_cuckoo_hashtable_ops.so
Traceback (most recent call last):
  File "movielens-1m-ps.py", line 5, in <module>
    import tensorflow_recommenders_addons as tfra
  File "/Users/ekkooli/anaconda3/lib/python3.7/site-packages/tensorflow_recommenders_addons/__init__.py", line 30, in <module>
    from tensorflow_recommenders_addons import dynamic_embedding
  File "/Users/ekkooli/anaconda3/lib/python3.7/site-packages/tensorflow_recommenders_addons/dynamic_embedding/__init__.py", line 39, in <module>
    from tensorflow_recommenders_addons.dynamic_embedding.python.ops.cuckoo_hashtable_ops import (
  File "/Users/ekkooli/anaconda3/lib/python3.7/site-packages/tensorflow_recommenders_addons/dynamic_embedding/python/ops/cuckoo_hashtable_ops.py", line 33, in <module>
    cuckoo_ops = LazySO("dynamic_embedding/core/_cuckoo_hashtable_ops.so").ops
  File "/Users/ekkooli/anaconda3/lib/python3.7/site-packages/tensorflow_recommenders_addons/utils/resource_loader.py", line 102, in ops
    self._ops = tf.load_op_library(get_path_to_datafile(self.relative_path))
  File "/Users/ekkooli/anaconda3/lib/python3.7/site-packages/tensorflow_core/python/framework/load_library.py", line 61, in load_op_library
    lib_handle = py_tf.TF_LoadLibrary(library_filename)
tensorflow.python.framework.errors_impl.NotFoundError: dlopen(/Users/ekkooli/anaconda3/lib/python3.7/site-packages/tensorflow_recommenders_addons/dynamic_embedding/core/_cuckoo_hashtable_ops.so, 6): Symbol not found: __ZN10tensorflow11GetNodeAttrERKNS_9AttrSliceEN4absl12lts_2021032411string_viewEPNS_11TensorShapeE
  Referenced from: /Users/ekkooli/anaconda3/lib/python3.7/site-packages/tensorflow_recommenders_addons/dynamic_embedding/core/_cuckoo_hashtable_ops.so
  Expected in: flat namespace
 in /Users/ekkooli/anaconda3/lib/python3.7/site-packages/tensorflow_recommenders_addons/dynamic_embedding/core/_cuckoo_hashtable_ops.so
